<?xml version="1.0" encoding="UTF-8" ?>
<testsuite errors="0" failures="0" hostname="Air.local" name="subasto6.SubastaPromocionalSpec" tests="4" time="3.267" timestamp="2014-02-20T19:36:03">
  <properties />
  <testcase classname="subasto6.SubastaPromocionalSpec" name="Funcionamiento basico" time="1.477" />
  <testcase classname="subasto6.SubastaPromocionalSpec" name="Ofertar extiende el tiempo en 30 segundos" time="0.599" />
  <testcase classname="subasto6.SubastaPromocionalSpec" name="Al terminar una subasta con ofertas menores al precio base sugerido, aumenta el descuento de la categoria" time="0.441" />
  <testcase classname="subasto6.SubastaPromocionalSpec" name="Al terminar una subasta con ofertas mayores al precio base sugerido pero menores al precio de venta esperado, disminuye el descuento de la categoria" time="0.284" />
  <system-out><![CDATA[--Output from Funcionamiento basico--
--Output from Ofertar extiende el tiempo en 30 segundos--
--Output from Al terminar una subasta con ofertas menores al precio base sugerido, aumenta el descuento de la categoria--
--Output from Al terminar una subasta con ofertas mayores al precio base sugerido pero menores al precio de venta esperado, disminuye el descuento de la categoria--
]]></system-out>
  <system-err><![CDATA[--Output from Funcionamiento basico--
--Output from Ofertar extiende el tiempo en 30 segundos--
--Output from Al terminar una subasta con ofertas menores al precio base sugerido, aumenta el descuento de la categoria--
--Output from Al terminar una subasta con ofertas mayores al precio base sugerido pero menores al precio de venta esperado, disminuye el descuento de la categoria--
]]></system-err>
</testsuite>
