<?xml version="1.0" encoding="UTF-8" ?>
<testsuite errors="0" failures="0" hostname="Air.local" name="subasto6.OfertaSpec" tests="1" time="2.866" timestamp="2014-02-20T19:36:00">
  <properties />
  <testcase classname="subasto6.OfertaSpec" name="Probando crear una oferta..." time="2.047" />
  <system-out><![CDATA[--Output from Probando crear una oferta...--
]]></system-out>
  <system-err><![CDATA[--Output from Probando crear una oferta...--
]]></system-err>
</testsuite>
