<?xml version="1.0" encoding="UTF-8" ?>
<testsuite errors="0" failures="0" hostname="Phenom" name="subasto6.OfertaSpec" tests="1" time="1.446" timestamp="2014-02-18T19:26:02">
  <properties />
  <testcase classname="subasto6.OfertaSpec" name="Probando crear una oferta..." time="1.13" />
  <system-out><![CDATA[--Output from Probando crear una oferta...--
]]></system-out>
  <system-err><![CDATA[--Output from Probando crear una oferta...--
]]></system-err>
</testsuite>
